2015-06-29 19:13:59 Error: [PDOException] SQLSTATE[42S22]: Column not found: 1054 Unknown column 'TachesUser.projet_id' in 'where clause'
Request URL: /largestrh/taches/projet_etat/1
Stack Trace:
#0 C:\wampNew\www\largestrh\lib\Cake\Model\Datasource\DboSource.php(458): PDOStatement->execute(Array)
#1 C:\wampNew\www\largestrh\lib\Cake\Model\Datasource\DboSource.php(424): DboSource->_execute('SELECT `TachesU...', Array)
#2 C:\wampNew\www\largestrh\lib\Cake\Model\Datasource\DboSource.php(666): DboSource->execute('SELECT `TachesU...', Array, Array)
#3 C:\wampNew\www\largestrh\lib\Cake\Model\Datasource\DboSource.php(1106): DboSource->fetchAll('SELECT `TachesU...', false)
#4 C:\wampNew\www\largestrh\lib\Cake\Model\Model.php(2947): DboSource->read(Object(TachesUser), Array)
#5 C:\wampNew\www\largestrh\lib\Cake\Model\Model.php(2919): Model->_readDataSource('first', Array)
#6 C:\wampNew\www\largestrh\app\Controller\TachesController.php(149): Model->find('first', Array)
#7 [internal function]: TachesController->projet_etat('1')
#8 C:\wampNew\www\largestrh\lib\Cake\Controller\Controller.php(490): ReflectionMethod->invokeArgs(Object(TachesController), Array)
#9 C:\wampNew\www\largestrh\lib\Cake\Routing\Dispatcher.php(191): Controller->invokeAction(Object(CakeRequest))
#10 C:\wampNew\www\largestrh\lib\Cake\Routing\Dispatcher.php(165): Dispatcher->_invoke(Object(TachesController), Object(CakeRequest))
#11 C:\wampNew\www\largestrh\app\webroot\index.php(108): Dispatcher->dispatch(Object(CakeRequest), Object(CakeResponse))
#12 {main}
2015-06-29 19:16:37 Error: [MissingControllerException] Controller class LargestrhController could not be found.
Exception Attributes: array (
  'class' => 'LargestrhController',
  'plugin' => NULL,
)
Request URL: /largestrh/largestrh/
Stack Trace:
#0 C:\wampNew\www\largestrh\app\webroot\index.php(108): Dispatcher->dispatch(Object(CakeRequest), Object(CakeResponse))
#1 {main}
2015-06-29 19:17:10 Error: [MissingControllerException] Controller class LargestrhController could not be found.
Exception Attributes: array (
  'class' => 'LargestrhController',
  'plugin' => NULL,
)
Request URL: /largestrh/largestrh/
Stack Trace:
#0 C:\wampNew\www\largestrh\app\webroot\index.php(108): Dispatcher->dispatch(Object(CakeRequest), Object(CakeResponse))
#1 {main}
2015-06-29 20:24:58 Error: [MissingControllerException] Controller class EventsController could not be found.
Exception Attributes: array (
  'class' => 'EventsController',
  'plugin' => NULL,
)
Request URL: /largestrh/events/search
Stack Trace:
#0 C:\wampNew\www\largestrh\app\webroot\index.php(108): Dispatcher->dispatch(Object(CakeRequest), Object(CakeResponse))
#1 {main}
2015-06-29 20:26:11 Error: [MissingControllerException] Controller class EventsController could not be found.
Exception Attributes: array (
  'class' => 'EventsController',
  'plugin' => NULL,
)
Request URL: /largestrh/events/search
Stack Trace:
#0 C:\wampNew\www\largestrh\app\webroot\index.php(108): Dispatcher->dispatch(Object(CakeRequest), Object(CakeResponse))
#1 {main}
2015-06-29 20:27:16 Error: [MissingControllerException] Controller class LargestrhController could not be found.
Exception Attributes: array (
  'class' => 'LargestrhController',
  'plugin' => NULL,
)
Request URL: /largestrh/largestrh/
Stack Trace:
#0 C:\wampNew\www\largestrh\app\webroot\index.php(108): Dispatcher->dispatch(Object(CakeRequest), Object(CakeResponse))
#1 {main}
2015-06-29 20:27:57 Error: [MissingControllerException] Controller class LargestrhController could not be found.
Exception Attributes: array (
  'class' => 'LargestrhController',
  'plugin' => NULL,
)
Request URL: /largestrh/largestrh/
Stack Trace:
#0 C:\wampNew\www\largestrh\app\webroot\index.php(108): Dispatcher->dispatch(Object(CakeRequest), Object(CakeResponse))
#1 {main}
2015-06-29 20:28:06 Error: [MissingControllerException] Controller class LargestrhController could not be found.
Exception Attributes: array (
  'class' => 'LargestrhController',
  'plugin' => NULL,
)
Request URL: /largestrh/largestrh/
Stack Trace:
#0 C:\wampNew\www\largestrh\app\webroot\index.php(108): Dispatcher->dispatch(Object(CakeRequest), Object(CakeResponse))
#1 {main}
2015-06-29 20:28:25 Error: Fatal Error (1): Maximum function nesting level of '250' reached, aborting! in [C:\wampNew\www\largestrh\lib\Cake\Model\Datasource\DboSource.php, line 801]
2015-06-29 20:28:25 Error: [FatalErrorException] Maximum function nesting level of '250' reached, aborting!
Request URL: /largestrh/evenements/events
Stack Trace:
#0 C:\wampNew\www\largestrh\lib\Cake\Error\ErrorHandler.php(203): ErrorHandler::handleFatalError(1, 'Maximum functio...', 'C:\\wampNew\\www\\...', 801)
#1 [internal function]: ErrorHandler::handleError(1, 'Maximum functio...', 'C:\\wampNew\\www\\...', 801, Array)
#2 C:\wampNew\www\largestrh\lib\Cake\Core\App.php(931): call_user_func('ErrorHandler::h...', 1, 'Maximum functio...', 'C:\\wampNew\\www\\...', 801, Array)
#3 C:\wampNew\www\largestrh\lib\Cake\Core\App.php(904): App::_checkFatalError()
#4 [internal function]: App::shutdown()
#5 {main}
2015-06-29 20:29:02 Error: [MissingActionException] Action EvenementsController::seach() could not be found.
Exception Attributes: array (
  'controller' => 'EvenementsController',
  'action' => 'seach',
)
Request URL: /largestrh/evenements/seach
Stack Trace:
#0 C:\wampNew\www\largestrh\lib\Cake\Routing\Dispatcher.php(191): Controller->invokeAction(Object(CakeRequest))
#1 C:\wampNew\www\largestrh\lib\Cake\Routing\Dispatcher.php(165): Dispatcher->_invoke(Object(EvenementsController), Object(CakeRequest))
#2 C:\wampNew\www\largestrh\app\webroot\index.php(108): Dispatcher->dispatch(Object(CakeRequest), Object(CakeResponse))
#3 {main}
2015-06-29 20:29:05 Error: [MissingActionException] Action EvenementsController::seach() could not be found.
Exception Attributes: array (
  'controller' => 'EvenementsController',
  'action' => 'seach',
)
Request URL: /largestrh/evenements/seach
Stack Trace:
#0 C:\wampNew\www\largestrh\lib\Cake\Routing\Dispatcher.php(191): Controller->invokeAction(Object(CakeRequest))
#1 C:\wampNew\www\largestrh\lib\Cake\Routing\Dispatcher.php(165): Dispatcher->_invoke(Object(EvenementsController), Object(CakeRequest))
#2 C:\wampNew\www\largestrh\app\webroot\index.php(108): Dispatcher->dispatch(Object(CakeRequest), Object(CakeResponse))
#3 {main}
2015-06-29 20:29:08 Error: [MissingControllerException] Controller class LargestrhController could not be found.
Exception Attributes: array (
  'class' => 'LargestrhController',
  'plugin' => NULL,
)
Request URL: /largestrh/largestrh/
Stack Trace:
#0 C:\wampNew\www\largestrh\app\webroot\index.php(108): Dispatcher->dispatch(Object(CakeRequest), Object(CakeResponse))
#1 {main}
2015-06-29 20:29:23 Error: [MissingControllerException] Controller class LargestrhController could not be found.
Exception Attributes: array (
  'class' => 'LargestrhController',
  'plugin' => NULL,
)
Request URL: /largestrh/largestrh/
Stack Trace:
#0 C:\wampNew\www\largestrh\app\webroot\index.php(108): Dispatcher->dispatch(Object(CakeRequest), Object(CakeResponse))
#1 {main}
2015-06-29 20:29:32 Error: [MissingControllerException] Controller class LargestrhController could not be found.
Exception Attributes: array (
  'class' => 'LargestrhController',
  'plugin' => NULL,
)
Request URL: /largestrh/largestrh/
Stack Trace:
#0 C:\wampNew\www\largestrh\app\webroot\index.php(108): Dispatcher->dispatch(Object(CakeRequest), Object(CakeResponse))
#1 {main}
2015-06-29 20:29:50 Error: [MissingControllerException] Controller class LargestrhController could not be found.
Exception Attributes: array (
  'class' => 'LargestrhController',
  'plugin' => NULL,
)
Request URL: /largestrh/largestrh/
Stack Trace:
#0 C:\wampNew\www\largestrh\app\webroot\index.php(108): Dispatcher->dispatch(Object(CakeRequest), Object(CakeResponse))
#1 {main}
2015-06-29 20:30:06 Error: [MissingControllerException] Controller class LargestrhController could not be found.
Exception Attributes: array (
  'class' => 'LargestrhController',
  'plugin' => NULL,
)
Request URL: /largestrh/largestrh/
Stack Trace:
#0 C:\wampNew\www\largestrh\app\webroot\index.php(108): Dispatcher->dispatch(Object(CakeRequest), Object(CakeResponse))
#1 {main}
2015-06-29 20:30:19 Error: [MissingControllerException] Controller class LargestrhController could not be found.
Exception Attributes: array (
  'class' => 'LargestrhController',
  'plugin' => NULL,
)
Request URL: /largestrh/largestrh/
Stack Trace:
#0 C:\wampNew\www\largestrh\app\webroot\index.php(108): Dispatcher->dispatch(Object(CakeRequest), Object(CakeResponse))
#1 {main}
2015-06-29 20:30:26 Error: [MissingControllerException] Controller class LargestrhController could not be found.
Exception Attributes: array (
  'class' => 'LargestrhController',
  'plugin' => NULL,
)
Request URL: /largestrh/largestrh/
Stack Trace:
#0 C:\wampNew\www\largestrh\app\webroot\index.php(108): Dispatcher->dispatch(Object(CakeRequest), Object(CakeResponse))
#1 {main}
2015-06-29 20:31:26 Error: [MissingViewException] View file "C:\wampNew\www\largestrh\app\View\Evenements\search.ctp" is missing.
Exception Attributes: array (
  'file' => 'C:\\wampNew\\www\\largestrh\\app\\View\\Evenements\\search.ctp',
)
Request URL: /largestrh/evenements/search
Stack Trace:
#0 C:\wampNew\www\largestrh\lib\Cake\View\View.php(468): View->_getViewFileName(NULL)
#1 C:\wampNew\www\largestrh\lib\Cake\Controller\Controller.php(954): View->render(NULL, NULL)
#2 C:\wampNew\www\largestrh\lib\Cake\Routing\Dispatcher.php(198): Controller->render()
#3 C:\wampNew\www\largestrh\lib\Cake\Routing\Dispatcher.php(165): Dispatcher->_invoke(Object(EvenementsController), Object(CakeRequest))
#4 C:\wampNew\www\largestrh\app\webroot\index.php(108): Dispatcher->dispatch(Object(CakeRequest), Object(CakeResponse))
#5 {main}
2015-06-30 02:46:50 Error: [MissingControllerException] Controller class LargestrhController could not be found.
Exception Attributes: array (
  'class' => 'LargestrhController',
  'plugin' => NULL,
)
Request URL: /largestrh/largestrh/
Stack Trace:
#0 C:\wampNew\www\largestrh\app\webroot\index.php(108): Dispatcher->dispatch(Object(CakeRequest), Object(CakeResponse))
#1 {main}
2015-06-30 12:53:32 Error: [MissingControllerException] Controller class Install.phpController could not be found.
Exception Attributes: array (
  'class' => 'Install.phpController',
  'plugin' => NULL,
)
Request URL: /largestrh/install.php
Stack Trace:
#0 C:\wampNew\www\largestrh\app\webroot\index.php(110): Dispatcher->dispatch(Object(CakeRequest), Object(CakeResponse))
#1 {main}
2015-06-30 15:56:52 Error: Fatal Error (1): Class 'DATABASE_CONFIG' not found in [C:\wampNew\www\largestrh\app\webroot\init.php, line 18]
2015-06-30 15:56:52 Error: [FatalErrorException] Class 'DATABASE_CONFIG' not found
Stack Trace:
#0 C:\wampNew\www\largestrh\lib\Cake\Error\ErrorHandler.php(203): ErrorHandler::handleFatalError(1, 'Class 'DATABASE...', 'C:\\wampNew\\www\\...', 18)
#1 [internal function]: ErrorHandler::handleError(1, 'Class 'DATABASE...', 'C:\\wampNew\\www\\...', 18, Array)
#2 C:\wampNew\www\largestrh\lib\Cake\Core\App.php(931): call_user_func('ErrorHandler::h...', 1, 'Class 'DATABASE...', 'C:\\wampNew\\www\\...', 18, Array)
#3 C:\wampNew\www\largestrh\lib\Cake\Core\App.php(904): App::_checkFatalError()
#4 [internal function]: App::shutdown()
#5 {main}
2015-06-30 15:58:09 Error: Fatal Error (1): Class 'DATABASE_CONFIG' not found in [C:\wampNew\www\largestrh\app\webroot\init.php, line 19]
2015-06-30 15:58:09 Error: [FatalErrorException] Class 'DATABASE_CONFIG' not found
Stack Trace:
#0 C:\wampNew\www\largestrh\lib\Cake\Error\ErrorHandler.php(203): ErrorHandler::handleFatalError(1, 'Class 'DATABASE...', 'C:\\wampNew\\www\\...', 19)
#1 [internal function]: ErrorHandler::handleError(1, 'Class 'DATABASE...', 'C:\\wampNew\\www\\...', 19, Array)
#2 C:\wampNew\www\largestrh\lib\Cake\Core\App.php(931): call_user_func('ErrorHandler::h...', 1, 'Class 'DATABASE...', 'C:\\wampNew\\www\\...', 19, Array)
#3 C:\wampNew\www\largestrh\lib\Cake\Core\App.php(904): App::_checkFatalError()
#4 [internal function]: App::shutdown()
#5 {main}
2015-06-30 15:58:22 Error: Fatal Error (1): Class 'DATABASE_CONFIG' not found in [C:\wampNew\www\largestrh\app\webroot\init.php, line 19]
2015-06-30 15:58:22 Error: [FatalErrorException] Class 'DATABASE_CONFIG' not found
Stack Trace:
#0 C:\wampNew\www\largestrh\lib\Cake\Error\ErrorHandler.php(203): ErrorHandler::handleFatalError(1, 'Class 'DATABASE...', 'C:\\wampNew\\www\\...', 19)
#1 [internal function]: ErrorHandler::handleError(1, 'Class 'DATABASE...', 'C:\\wampNew\\www\\...', 19, Array)
#2 C:\wampNew\www\largestrh\lib\Cake\Core\App.php(931): call_user_func('ErrorHandler::h...', 1, 'Class 'DATABASE...', 'C:\\wampNew\\www\\...', 19, Array)
#3 C:\wampNew\www\largestrh\lib\Cake\Core\App.php(904): App::_checkFatalError()
#4 [internal function]: App::shutdown()
#5 {main}
2015-06-30 15:59:07 Error: Fatal Error (64): require_once() [<a href='http://php.net/function.require'>function.require</a>]: Failed opening required 'C:\wampNew\www\largestrh\app\Config' (include_path='C:\wampNew\www\largestrh\lib;.;C:\php\pear') in [C:\wampNew\www\largestrh\app\webroot\init.php, line 17]
2015-06-30 15:59:07 Error: [FatalErrorException] require_once() [<a href='http://php.net/function.require'>function.require</a>]: Failed opening required 'C:\wampNew\www\largestrh\app\Config' (include_path='C:\wampNew\www\largestrh\lib;.;C:\php\pear')
Stack Trace:
#0 C:\wampNew\www\largestrh\lib\Cake\Error\ErrorHandler.php(203): ErrorHandler::handleFatalError(64, 'require_once() ...', 'C:\\wampNew\\www\\...', 17)
#1 [internal function]: ErrorHandler::handleError(64, 'require_once() ...', 'C:\\wampNew\\www\\...', 17, Array)
#2 C:\wampNew\www\largestrh\lib\Cake\Core\App.php(931): call_user_func('ErrorHandler::h...', 64, 'require_once() ...', 'C:\\wampNew\\www\\...', 17, Array)
#3 C:\wampNew\www\largestrh\lib\Cake\Core\App.php(904): App::_checkFatalError()
#4 [internal function]: App::shutdown()
#5 {main}
2015-06-30 15:59:15 Error: Fatal Error (64): require_once() [<a href='http://php.net/function.require'>function.require</a>]: Failed opening required 'C:\wampNew\www\largestrh\app\Config' (include_path='C:\wampNew\www\largestrh\lib;.;C:\php\pear') in [C:\wampNew\www\largestrh\app\webroot\init.php, line 17]
2015-06-30 15:59:15 Error: [FatalErrorException] require_once() [<a href='http://php.net/function.require'>function.require</a>]: Failed opening required 'C:\wampNew\www\largestrh\app\Config' (include_path='C:\wampNew\www\largestrh\lib;.;C:\php\pear')
Stack Trace:
#0 C:\wampNew\www\largestrh\lib\Cake\Error\ErrorHandler.php(203): ErrorHandler::handleFatalError(64, 'require_once() ...', 'C:\\wampNew\\www\\...', 17)
#1 [internal function]: ErrorHandler::handleError(64, 'require_once() ...', 'C:\\wampNew\\www\\...', 17, Array)
#2 C:\wampNew\www\largestrh\lib\Cake\Core\App.php(931): call_user_func('ErrorHandler::h...', 64, 'require_once() ...', 'C:\\wampNew\\www\\...', 17, Array)
#3 C:\wampNew\www\largestrh\lib\Cake\Core\App.php(904): App::_checkFatalError()
#4 [internal function]: App::shutdown()
#5 {main}
2015-07-02 04:57:35 Error: Fatal Error (1): Call to a member function header() on a non-object in [C:\wampNew\www\largestrh\lib\Cake\Controller\Controller.php, line 774]
2015-07-02 04:57:35 Error: [FatalErrorException] Call to a member function header() on a non-object
Stack Trace:
#0 C:\wampNew\www\largestrh\lib\Cake\Error\ErrorHandler.php(203): ErrorHandler::handleFatalError(1, 'Call to a membe...', 'C:\\wampNew\\www\\...', 774)
#1 [internal function]: ErrorHandler::handleError(1, 'Call to a membe...', 'C:\\wampNew\\www\\...', 774, Array)
#2 C:\wampNew\www\largestrh\lib\Cake\Core\App.php(931): call_user_func('ErrorHandler::h...', 1, 'Call to a membe...', 'C:\\wampNew\\www\\...', 774, Array)
#3 C:\wampNew\www\largestrh\lib\Cake\Core\App.php(904): App::_checkFatalError()
#4 [internal function]: App::shutdown()
#5 {main}
2015-07-02 04:58:18 Error: Fatal Error (1): Call to a member function header() on a non-object in [C:\wampNew\www\largestrh\lib\Cake\Controller\Controller.php, line 774]
2015-07-02 04:58:18 Error: [FatalErrorException] Call to a member function header() on a non-object
Stack Trace:
#0 C:\wampNew\www\largestrh\lib\Cake\Error\ErrorHandler.php(203): ErrorHandler::handleFatalError(1, 'Call to a membe...', 'C:\\wampNew\\www\\...', 774)
#1 [internal function]: ErrorHandler::handleError(1, 'Call to a membe...', 'C:\\wampNew\\www\\...', 774, Array)
#2 C:\wampNew\www\largestrh\lib\Cake\Core\App.php(931): call_user_func('ErrorHandler::h...', 1, 'Call to a membe...', 'C:\\wampNew\\www\\...', 774, Array)
#3 C:\wampNew\www\largestrh\lib\Cake\Core\App.php(904): App::_checkFatalError()
#4 [internal function]: App::shutdown()
#5 {main}
2015-07-02 04:58:27 Error: Fatal Error (1): Call to a member function header() on a non-object in [C:\wampNew\www\largestrh\lib\Cake\Controller\Controller.php, line 774]
2015-07-02 04:58:27 Error: [FatalErrorException] Call to a member function header() on a non-object
Stack Trace:
#0 C:\wampNew\www\largestrh\lib\Cake\Error\ErrorHandler.php(203): ErrorHandler::handleFatalError(1, 'Call to a membe...', 'C:\\wampNew\\www\\...', 774)
#1 [internal function]: ErrorHandler::handleError(1, 'Call to a membe...', 'C:\\wampNew\\www\\...', 774, Array)
#2 C:\wampNew\www\largestrh\lib\Cake\Core\App.php(931): call_user_func('ErrorHandler::h...', 1, 'Call to a membe...', 'C:\\wampNew\\www\\...', 774, Array)
#3 C:\wampNew\www\largestrh\lib\Cake\Core\App.php(904): App::_checkFatalError()
#4 [internal function]: App::shutdown()
#5 {main}
2015-07-02 04:58:34 Error: Fatal Error (1): Call to a member function header() on a non-object in [C:\wampNew\www\largestrh\lib\Cake\Controller\Controller.php, line 774]
2015-07-02 04:58:34 Error: [FatalErrorException] Call to a member function header() on a non-object
Stack Trace:
#0 C:\wampNew\www\largestrh\lib\Cake\Error\ErrorHandler.php(203): ErrorHandler::handleFatalError(1, 'Call to a membe...', 'C:\\wampNew\\www\\...', 774)
#1 [internal function]: ErrorHandler::handleError(1, 'Call to a membe...', 'C:\\wampNew\\www\\...', 774, Array)
#2 C:\wampNew\www\largestrh\lib\Cake\Core\App.php(931): call_user_func('ErrorHandler::h...', 1, 'Call to a membe...', 'C:\\wampNew\\www\\...', 774, Array)
#3 C:\wampNew\www\largestrh\lib\Cake\Core\App.php(904): App::_checkFatalError()
#4 [internal function]: App::shutdown()
#5 {main}
2015-07-05 15:24:01 Error: Fatal Error (4): syntax error, unexpected '$uri' (T_VARIABLE) in [C:\wampNew\www\largestrh\app\webroot\init.php, line 18]
2015-07-05 15:24:01 Error: [FatalErrorException] syntax error, unexpected '$uri' (T_VARIABLE)
Stack Trace:
#0 C:\wampNew\www\largestrh\lib\Cake\Error\ErrorHandler.php(203): ErrorHandler::handleFatalError(4, 'syntax error, u...', 'C:\\wampNew\\www\\...', 18)
#1 [internal function]: ErrorHandler::handleError(4, 'syntax error, u...', 'C:\\wampNew\\www\\...', 18, Array)
#2 C:\wampNew\www\largestrh\lib\Cake\Core\App.php(931): call_user_func('ErrorHandler::h...', 4, 'syntax error, u...', 'C:\\wampNew\\www\\...', 18, Array)
#3 C:\wampNew\www\largestrh\lib\Cake\Core\App.php(904): App::_checkFatalError()
#4 [internal function]: App::shutdown()
#5 {main}
2015-07-13 03:43:31 Error: [MissingConnectionException] Database connection "Mysql" is missing, or could not be created.
Exception Attributes: array (
  'class' => 'Mysql',
  'message' => 'SQLSTATE[HY000] [1045] Access denied for user \'aze\'@\'localhost\' (using password: YES)',
  'enabled' => true,
)
Request URL: /largestrh/users/login
Stack Trace:
#0 C:\wampNew\www\largestrh\lib\Cake\Model\Datasource\DboSource.php(260): Mysql->connect()
#1 C:\wampNew\www\largestrh\lib\Cake\Model\ConnectionManager.php(105): DboSource->__construct(Array)
#2 C:\wampNew\www\largestrh\lib\Cake\Model\Model.php(3524): ConnectionManager::getDataSource('default')
#3 C:\wampNew\www\largestrh\lib\Cake\Model\Model.php(1136): Model->setDataSource('default')
#4 C:\wampNew\www\largestrh\lib\Cake\Model\Model.php(3551): Model->setSource('users')
#5 C:\wampNew\www\largestrh\lib\Cake\Model\Model.php(2947): Model->getDataSource()
#6 C:\wampNew\www\largestrh\lib\Cake\Model\Model.php(2919): Model->_readDataSource('first', Array)
#7 C:\wampNew\www\largestrh\lib\Cake\Controller\Component\Auth\BaseAuthenticate.php(112): Model->find('first', Array)
#8 C:\wampNew\www\largestrh\lib\Cake\Controller\Component\Auth\FormAuthenticate.php(79): BaseAuthenticate->_findUser('Nesrine', 'nesrine')
#9 C:\wampNew\www\largestrh\lib\Cake\Controller\Component\AuthComponent.php(754): FormAuthenticate->authenticate(Object(CakeRequest), Object(CakeResponse))
#10 C:\wampNew\www\largestrh\lib\Cake\Controller\Component\AuthComponent.php(601): AuthComponent->identify(Object(CakeRequest), Object(CakeResponse))
#11 C:\wampNew\www\largestrh\app\Controller\UsersController.php(273): AuthComponent->login()
#12 [internal function]: UsersController->login()
#13 C:\wampNew\www\largestrh\lib\Cake\Controller\Controller.php(490): ReflectionMethod->invokeArgs(Object(UsersController), Array)
#14 C:\wampNew\www\largestrh\lib\Cake\Routing\Dispatcher.php(191): Controller->invokeAction(Object(CakeRequest))
#15 C:\wampNew\www\largestrh\lib\Cake\Routing\Dispatcher.php(165): Dispatcher->_invoke(Object(UsersController), Object(CakeRequest))
#16 C:\wampNew\www\largestrh\app\webroot\index.php(108): Dispatcher->dispatch(Object(CakeRequest), Object(CakeResponse))
#17 {main}
2015-09-12 12:19:51 Error: [MissingControllerException] Controller class CssController could not be found.
Exception Attributes: array (
  'class' => 'CssController',
  'plugin' => NULL,
)
Request URL: /largestrh/css/images/sort_desc.png
Stack Trace:
#0 C:\wampNew\www\largestrh\app\webroot\index.php(108): Dispatcher->dispatch(Object(CakeRequest), Object(CakeResponse))
#1 {main}
2015-09-12 12:19:51 Error: [MissingControllerException] Controller class CssController could not be found.
Exception Attributes: array (
  'class' => 'CssController',
  'plugin' => NULL,
)
Request URL: /largestrh/css/images/sort_both.png
Stack Trace:
#0 C:\wampNew\www\largestrh\app\webroot\index.php(108): Dispatcher->dispatch(Object(CakeRequest), Object(CakeResponse))
#1 {main}
2015-09-12 12:22:01 Error: [MissingControllerException] Controller class CssController could not be found.
Exception Attributes: array (
  'class' => 'CssController',
  'plugin' => NULL,
)
Request URL: /largestrh/css/images/sort_both.png
Stack Trace:
#0 C:\wampNew\www\largestrh\app\webroot\index.php(108): Dispatcher->dispatch(Object(CakeRequest), Object(CakeResponse))
#1 {main}
2015-09-12 12:22:01 Error: [MissingControllerException] Controller class CssController could not be found.
Exception Attributes: array (
  'class' => 'CssController',
  'plugin' => NULL,
)
Request URL: /largestrh/css/images/sort_desc.png
Stack Trace:
#0 C:\wampNew\www\largestrh\app\webroot\index.php(108): Dispatcher->dispatch(Object(CakeRequest), Object(CakeResponse))
#1 {main}
2015-09-12 12:22:07 Error: [MissingControllerException] Controller class CssController could not be found.
Exception Attributes: array (
  'class' => 'CssController',
  'plugin' => NULL,
)
Request URL: /largestrh/css/images/sort_both.png
Stack Trace:
#0 C:\wampNew\www\largestrh\app\webroot\index.php(108): Dispatcher->dispatch(Object(CakeRequest), Object(CakeResponse))
#1 {main}
2015-09-12 12:22:07 Error: [MissingControllerException] Controller class CssController could not be found.
Exception Attributes: array (
  'class' => 'CssController',
  'plugin' => NULL,
)
Request URL: /largestrh/css/images/sort_desc.png
Stack Trace:
#0 C:\wampNew\www\largestrh\app\webroot\index.php(108): Dispatcher->dispatch(Object(CakeRequest), Object(CakeResponse))
#1 {main}
2015-09-15 16:34:03 Error: [MissingControllerException] Controller class CssController could not be found.
Exception Attributes: array (
  'class' => 'CssController',
  'plugin' => NULL,
)
Request URL: /largestrh/css/demo_page.css
Stack Trace:
#0 C:\wampNew\www\largestrh\app\webroot\index.php(108): Dispatcher->dispatch(Object(CakeRequest), Object(CakeResponse))
#1 {main}
2015-09-15 16:34:03 Error: [MissingControllerException] Controller class JsController could not be found.
Exception Attributes: array (
  'class' => 'JsController',
  'plugin' => NULL,
)
Request URL: /largestrh/js/jquery.dataTables.js
Stack Trace:
#0 C:\wampNew\www\largestrh\app\webroot\index.php(108): Dispatcher->dispatch(Object(CakeRequest), Object(CakeResponse))
#1 {main}
2015-09-15 16:34:10 Error: [MissingActionException] Action DesignationsController::edit() could not be found.
Exception Attributes: array (
  'controller' => 'DesignationsController',
  'action' => 'edit',
)
Request URL: /largestrh/designations/edit/1/admin:1
Stack Trace:
#0 C:\wampNew\www\largestrh\lib\Cake\Routing\Dispatcher.php(191): Controller->invokeAction(Object(CakeRequest))
#1 C:\wampNew\www\largestrh\lib\Cake\Routing\Dispatcher.php(165): Dispatcher->_invoke(Object(DesignationsController), Object(CakeRequest))
#2 C:\wampNew\www\largestrh\app\webroot\index.php(108): Dispatcher->dispatch(Object(CakeRequest), Object(CakeResponse))
#3 {main}
2015-09-15 16:34:21 Error: [MissingActionException] Action DesignationsController::index() could not be found.
Exception Attributes: array (
  'controller' => 'DesignationsController',
  'action' => 'index',
)
Request URL: /largestrh/designations/index
Stack Trace:
#0 C:\wampNew\www\largestrh\lib\Cake\Routing\Dispatcher.php(191): Controller->invokeAction(Object(CakeRequest))
#1 C:\wampNew\www\largestrh\lib\Cake\Routing\Dispatcher.php(165): Dispatcher->_invoke(Object(DesignationsController), Object(CakeRequest))
#2 C:\wampNew\www\largestrh\app\webroot\index.php(108): Dispatcher->dispatch(Object(CakeRequest), Object(CakeResponse))
#3 {main}
2015-09-15 16:34:28 Error: [MissingActionException] Action DesignationsController::edit() could not be found.
Exception Attributes: array (
  'controller' => 'DesignationsController',
  'action' => 'edit',
)
Request URL: /largestrh/designations/edit/1/admin:1
Stack Trace:
#0 C:\wampNew\www\largestrh\lib\Cake\Routing\Dispatcher.php(191): Controller->invokeAction(Object(CakeRequest))
#1 C:\wampNew\www\largestrh\lib\Cake\Routing\Dispatcher.php(165): Dispatcher->_invoke(Object(DesignationsController), Object(CakeRequest))
#2 C:\wampNew\www\largestrh\app\webroot\index.php(108): Dispatcher->dispatch(Object(CakeRequest), Object(CakeResponse))
#3 {main}
2015-09-15 16:34:48 Error: [MissingControllerException] Controller class CommercialesController could not be found.
Exception Attributes: array (
  'class' => 'CommercialesController',
  'plugin' => NULL,
)
Request URL: /largestrh/commerciales/admin_index
Stack Trace:
#0 C:\wampNew\www\largestrh\app\webroot\index.php(108): Dispatcher->dispatch(Object(CakeRequest), Object(CakeResponse))
#1 {main}
2015-09-15 16:34:53 Error: [MissingControllerException] Controller class ProduitsController could not be found.
Exception Attributes: array (
  'class' => 'ProduitsController',
  'plugin' => NULL,
)
Request URL: /largestrh/produits/admin_index
Stack Trace:
#0 C:\wampNew\www\largestrh\app\webroot\index.php(108): Dispatcher->dispatch(Object(CakeRequest), Object(CakeResponse))
#1 {main}
2015-09-15 16:35:01 Error: [MissingActionException] Action DesignationsController::index() could not be found.
Exception Attributes: array (
  'controller' => 'DesignationsController',
  'action' => 'index',
)
Request URL: /largestrh/designations/
Stack Trace:
#0 C:\wampNew\www\largestrh\lib\Cake\Routing\Dispatcher.php(191): Controller->invokeAction(Object(CakeRequest))
#1 C:\wampNew\www\largestrh\lib\Cake\Routing\Dispatcher.php(165): Dispatcher->_invoke(Object(DesignationsController), Object(CakeRequest))
#2 C:\wampNew\www\largestrh\app\webroot\index.php(108): Dispatcher->dispatch(Object(CakeRequest), Object(CakeResponse))
#3 {main}
2015-09-15 16:36:11 Error: [MissingControllerException] Controller class LargestrhController could not be found.
Exception Attributes: array (
  'class' => 'LargestrhController',
  'plugin' => NULL,
)
Request URL: /largestrh/largestrh/
Stack Trace:
#0 C:\wampNew\www\largestrh\app\webroot\index.php(108): Dispatcher->dispatch(Object(CakeRequest), Object(CakeResponse))
#1 {main}
2015-09-15 16:36:25 Error: [MissingActionException] Action DesignationsController::admin_index() could not be found.
Exception Attributes: array (
  'controller' => 'DesignationsController',
  'action' => 'admin_index',
)
Request URL: /largestrh/designations/admin_index
Stack Trace:
#0 C:\wampNew\www\largestrh\lib\Cake\Routing\Dispatcher.php(191): Controller->invokeAction(Object(CakeRequest))
#1 C:\wampNew\www\largestrh\lib\Cake\Routing\Dispatcher.php(165): Dispatcher->_invoke(Object(DesignationsController), Object(CakeRequest))
#2 C:\wampNew\www\largestrh\app\webroot\index.php(108): Dispatcher->dispatch(Object(CakeRequest), Object(CakeResponse))
#3 {main}
2015-09-15 16:36:30 Error: [MissingControllerException] Controller class LargestrhController could not be found.
Exception Attributes: array (
  'class' => 'LargestrhController',
  'plugin' => NULL,
)
Request URL: /largestrh/largestrh/
Stack Trace:
#0 C:\wampNew\www\largestrh\app\webroot\index.php(108): Dispatcher->dispatch(Object(CakeRequest), Object(CakeResponse))
#1 {main}
2015-09-15 16:36:35 Error: [MissingControllerException] Controller class LargestrhController could not be found.
Exception Attributes: array (
  'class' => 'LargestrhController',
  'plugin' => NULL,
)
Request URL: /largestrh/largestrh/
Stack Trace:
#0 C:\wampNew\www\largestrh\app\webroot\index.php(108): Dispatcher->dispatch(Object(CakeRequest), Object(CakeResponse))
#1 {main}
2015-09-15 16:36:46 Error: [MissingActionException] Action DesignationsController::admin_index() could not be found.
Exception Attributes: array (
  'controller' => 'DesignationsController',
  'action' => 'admin_index',
)
Request URL: /largestrh/designations/admin_index
Stack Trace:
#0 C:\wampNew\www\largestrh\lib\Cake\Routing\Dispatcher.php(191): Controller->invokeAction(Object(CakeRequest))
#1 C:\wampNew\www\largestrh\lib\Cake\Routing\Dispatcher.php(165): Dispatcher->_invoke(Object(DesignationsController), Object(CakeRequest))
#2 C:\wampNew\www\largestrh\app\webroot\index.php(108): Dispatcher->dispatch(Object(CakeRequest), Object(CakeResponse))
#3 {main}
2015-09-15 16:36:50 Error: [MissingControllerException] Controller class LargestrhController could not be found.
Exception Attributes: array (
  'class' => 'LargestrhController',
  'plugin' => NULL,
)
Request URL: /largestrh/largestrh/
Stack Trace:
#0 C:\wampNew\www\largestrh\app\webroot\index.php(108): Dispatcher->dispatch(Object(CakeRequest), Object(CakeResponse))
#1 {main}
2015-09-15 16:37:36 Error: [MissingActionException] Action DesignationsController::admin_index() could not be found.
Exception Attributes: array (
  'controller' => 'DesignationsController',
  'action' => 'admin_index',
)
Request URL: /largestrh/designations/admin_index
Stack Trace:
#0 C:\wampNew\www\largestrh\lib\Cake\Routing\Dispatcher.php(191): Controller->invokeAction(Object(CakeRequest))
#1 C:\wampNew\www\largestrh\lib\Cake\Routing\Dispatcher.php(165): Dispatcher->_invoke(Object(DesignationsController), Object(CakeRequest))
#2 C:\wampNew\www\largestrh\app\webroot\index.php(108): Dispatcher->dispatch(Object(CakeRequest), Object(CakeResponse))
#3 {main}
2015-09-15 16:37:39 Error: [MissingControllerException] Controller class LargestrhController could not be found.
Exception Attributes: array (
  'class' => 'LargestrhController',
  'plugin' => NULL,
)
Request URL: /largestrh/largestrh/
Stack Trace:
#0 C:\wampNew\www\largestrh\app\webroot\index.php(108): Dispatcher->dispatch(Object(CakeRequest), Object(CakeResponse))
#1 {main}
2015-09-15 16:38:24 Error: [MissingControllerException] Controller class LargestrhController could not be found.
Exception Attributes: array (
  'class' => 'LargestrhController',
  'plugin' => NULL,
)
Request URL: /largestrh/largestrh/
Stack Trace:
#0 C:\wampNew\www\largestrh\app\webroot\index.php(108): Dispatcher->dispatch(Object(CakeRequest), Object(CakeResponse))
#1 {main}
2015-09-15 16:39:03 Error: [MissingControllerException] Controller class CssController could not be found.
Exception Attributes: array (
  'class' => 'CssController',
  'plugin' => NULL,
)
Request URL: /largestrh/css/demo_page.css
Stack Trace:
#0 C:\wampNew\www\largestrh\app\webroot\index.php(108): Dispatcher->dispatch(Object(CakeRequest), Object(CakeResponse))
#1 {main}
2015-09-15 16:39:03 Error: [MissingControllerException] Controller class JsController could not be found.
Exception Attributes: array (
  'class' => 'JsController',
  'plugin' => NULL,
)
Request URL: /largestrh/js/jquery.dataTables.js
Stack Trace:
#0 C:\wampNew\www\largestrh\app\webroot\index.php(108): Dispatcher->dispatch(Object(CakeRequest), Object(CakeResponse))
#1 {main}
