2015-06-29 18:20:07 Login_activity: L'utilisateur Rafik Bastandji : , s'est connecté via l'ip ::1

2015-06-29 18:21:23 Login_activity: L'utilisateur Rafik Bastandji : RH, s'est connecté via l'ip ::1

2015-06-29 18:22:33 Login_activity: L'utilisateur aze aze : Admin, s'est connecté via l'ip ::1

2015-06-29 18:48:37 Login_activity: L'utilisateur aze aze : Admin, s'est connecté via l'ip ::1

2015-06-29 19:08:53 Login_activity: L'utilisateur Hedi Riahi : DSI, s'est connecté via l'ip ::1

2015-06-29 20:29:40 Login_activity: L'utilisateur Hedi Riahi : DSI, s'est connecté via l'ip ::1

2015-06-29 20:31:38 Login_activity: L'utilisateur Rafik Bastandji : RH, s'est connecté via l'ip ::1

2015-06-29 20:33:14 Login_activity: L'utilisateur Hedi Riahi : DSI, s'est connecté via l'ip ::1

2015-06-30 01:05:04 Login_activity: L'utilisateur aze aze : Admin, s'est connecté via l'ip ::1

2015-06-30 01:05:30 Login_activity: L'utilisateur Hedi Riahi : DSI, s'est connecté via l'ip ::1

2015-07-13 03:43:46 Login_activity: L'utilisateur aze aze : Admin, s'est connecté via l'ip ::1

2015-07-30 21:23:47 Login_activity: L'utilisateur aze aze : Admin, s'est connecté via l'ip ::1

2015-09-03 16:54:37 Login_activity: L'utilisateur aze aze : Admin, s'est connecté via l'ip ::1

2015-09-11 05:56:04 Login_activity: L'utilisateur aze aze : Admin, s'est connecté via l'ip 127.0.0.1

2015-09-11 06:33:35 Login_activity: L'utilisateur aze aze : Admin, s'est connecté via l'ip 127.0.0.1

2015-09-11 06:35:02 Login_activity: L'utilisateur aze aze : Admin, s'est connecté via l'ip 127.0.0.1

2015-09-11 06:38:15 Login_activity: L'utilisateur Hedi Riahi : DSI, s'est connecté via l'ip 127.0.0.1

2015-09-11 07:03:48 Login_activity: L'utilisateur aze aze : Admin, s'est connecté via l'ip 127.0.0.1

2015-09-11 08:44:25 Login_activity: L'utilisateur aze aze : Admin, s'est connecté via l'ip ::1

2015-09-12 01:07:02 Login_activity: L'utilisateur aze aze : Admin, s'est connecté via l'ip 127.0.0.1

2015-09-12 12:10:26 Login_activity: L'utilisateur aze aze : Admin, s'est connecté via l'ip 127.0.0.1

2015-09-14 10:43:22 Login_activity: L'utilisateur aze aze : Admin, s'est connecté via l'ip 127.0.0.1

2015-09-15 10:18:07 Login_activity: L'utilisateur aze aze : Admin, s'est connecté via l'ip 127.0.0.1

2015-09-15 10:34:57 Login_activity: L'utilisateur Rafik Bastandji : RH, s'est connecté via l'ip 127.0.0.1

2015-09-15 16:33:53 Login_activity: L'utilisateur aze aze : Admin, s'est connecté via l'ip ::1

2015-09-15 16:36:42 Login_activity: L'utilisateur aze aze : Admin, s'est connecté via l'ip ::1

2015-09-15 16:37:45 Login_activity: L'utilisateur aze aze : Admin, s'est connecté via l'ip ::1

